<?xml version="1.0" encoding="UTF-8"?>
<!-- Generated by org.testng.reporters.JUnitReportReporter -->
<testsuite hostname="isscPF1324YJ" failures="0" tests="1" name="runner.TestRunner" time="72.769" errors="0" timestamp="27 Feb 2020 14:35:18 GMT">
  <testcase classname="runner.TestRunner" name="feature" time="72.769"/>
</testsuite> <!-- runner.TestRunner -->
